-------------------------------------------------------------------------------
Test set: com.translatorapp._Language_Translator_Web_App_Java_NLP_Library_.service.TranslationServiceTest
-------------------------------------------------------------------------------
Tests run: 3, Failures: 0, Errors: 2, Skipped: 0, Time elapsed: 0.630 s <<< FAILURE! -- in com.translatorapp._Language_Translator_Web_App_Java_NLP_Library_.service.TranslationServiceTest
com.translatorapp._Language_Translator_Web_App_Java_NLP_Library_.service.TranslationServiceTest.testSimpleSentenceTranslation -- Time elapsed: 0.605 s <<< ERROR!
java.lang.NullPointerException: Cannot invoke "opennlp.tools.lemmatizer.DictionaryLemmatizer.lemmatize(String[], String[])" because "this.lemmatizer" is null
	at com.translatorapp._Language_Translator_Web_App_Java_NLP_Library_.service.TranslationService.performTranslation(TranslationService.java:142)
	at com.translatorapp._Language_Translator_Web_App_Java_NLP_Library_.service.TranslationServiceTest.testSimpleSentenceTranslation(TranslationServiceTest.java:55)
	at java.base/java.lang.reflect.Method.invoke(Method.java:565)
	at java.base/java.util.ArrayList.forEach(ArrayList.java:1604)
	at java.base/java.util.ArrayList.forEach(ArrayList.java:1604)

com.translatorapp._Language_Translator_Web_App_Java_NLP_Library_.service.TranslationServiceTest.testUntranslatedWordFallBack -- Time elapsed: 0.004 s <<< ERROR!
java.lang.NullPointerException: Cannot invoke "opennlp.tools.lemmatizer.DictionaryLemmatizer.lemmatize(String[], String[])" because "this.lemmatizer" is null
	at com.translatorapp._Language_Translator_Web_App_Java_NLP_Library_.service.TranslationService.performTranslation(TranslationService.java:142)
	at com.translatorapp._Language_Translator_Web_App_Java_NLP_Library_.service.TranslationServiceTest.testUntranslatedWordFallBack(TranslationServiceTest.java:86)
	at java.base/java.lang.reflect.Method.invoke(Method.java:565)
	at java.base/java.util.ArrayList.forEach(ArrayList.java:1604)
	at java.base/java.util.ArrayList.forEach(ArrayList.java:1604)

