-------------------------------------------------------------------------------
Test set: com.translatorapp._Language_Translator_Web_App_Java_NLP_Library_.service.TranslationDictionaryTest
-------------------------------------------------------------------------------
Tests run: 6, Failures: 1, Errors: 0, Skipped: 0, Time elapsed: 0.017 s <<< FAILURE! -- in com.translatorapp._Language_Translator_Web_App_Java_NLP_Library_.service.TranslationDictionaryTest
com.translatorapp._Language_Translator_Web_App_Java_NLP_Library_.service.TranslationDictionaryTest.testExistingWordTranslation -- Time elapsed: 0.007 s <<< FAILURE!
org.opentest4j.AssertionFailedError: Traducerea pentru 'hello' ar trebui să fie 'salut'. ==> expected: <Salut> but was: <null>
	at org.junit.jupiter.api.AssertionFailureBuilder.build(AssertionFailureBuilder.java:151)
	at org.junit.jupiter.api.AssertionFailureBuilder.buildAndThrow(AssertionFailureBuilder.java:132)
	at org.junit.jupiter.api.AssertEquals.failNotEqual(AssertEquals.java:197)
	at org.junit.jupiter.api.AssertEquals.assertEquals(AssertEquals.java:182)
	at org.junit.jupiter.api.Assertions.assertEquals(Assertions.java:1156)
	at com.translatorapp._Language_Translator_Web_App_Java_NLP_Library_.service.TranslationDictionaryTest.testExistingWordTranslation(TranslationDictionaryTest.java:22)
	at java.base/java.lang.reflect.Method.invoke(Method.java:565)
	at java.base/java.util.ArrayList.forEach(ArrayList.java:1604)
	at java.base/java.util.ArrayList.forEach(ArrayList.java:1604)

