<?xml version="1.0" encoding="UTF-8"?>
<testsuite xmlns:xsi="http://www.w3.org/2001/XMLSchema-instance" xsi:noNamespaceSchemaLocation="https://maven.apache.org/surefire/maven-surefire-plugin/xsd/surefire-test-report-3.0.xsd" version="3.0" name="com.translatorapp._Language_Translator_Web_App_Java_NLP_Library_.service.TranslationDictionaryTest" time="0.006" tests="1" errors="1" skipped="0" failures="0">
  <properties>
[...]
</properties>
  <testcase name="" classname="com.translatorapp._Language_Translator_Web_App_Java_NLP_Library_.service.TranslationDictionaryTest" time="0.006">
    <error message="Found multiple @SpringBootConfiguration annotated classes [Generic bean: class [com.translatorapp._Language_Translator_Web_App_Java_NLP_Library_.LanguageTranslatorWebAppJavaNlpLibraryApplicationTests]; scope=; abstract=false; lazyInit=null; autowireMode=0; dependencyCheck=0; autowireCandidate=true; primary=false; factoryBeanName=null; factoryMethodName=null; initMethodNames=null; destroyMethodNames=null; defined in file [/Users/albertrosca/Desktop/-Language-Translator-Web-App-Java-NLP-Library-/target/test-classes/com/translatorapp/_Language_Translator_Web_App_Java_NLP_Library_/LanguageTranslatorWebAppJavaNlpLibraryApplicationTests.class], Generic bean: class [com.translatorapp._Language_Translator_Web_App_Java_NLP_Library_.LanguageTranslatorWebAppJavaNlpLibraryApplication]; scope=; abstract=false; lazyInit=null; autowireMode=0; dependencyCheck=0; autowireCandidate=true; primary=false; factoryBeanName=null; factoryMethodName=null; initMethodNames=null; destroyMethodNames=null; defined in file [/Users/albertrosca/Desktop/-Language-Translator-Web-App-Java-NLP-Library-/target/classes/com/translatorapp/_Language_Translator_Web_App_Java_NLP_Library_/LanguageTranslatorWebAppJavaNlpLibraryApplication.class]]" type="java.lang.IllegalStateException"><![CDATA[java.lang.IllegalStateException: Found multiple @SpringBootConfiguration annotated classes [Generic bean: class [com.translatorapp._Language_Translator_Web_App_Java_NLP_Library_.LanguageTranslatorWebAppJavaNlpLibraryApplicationTests]; scope=; abstract=false; lazyInit=null; autowireMode=0; dependencyCheck=0; autowireCandidate=true; primary=false; factoryBeanName=null; factoryMethodName=null; initMethodNames=null; destroyMethodNames=null; defined in file [/Users/albertrosca/Desktop/-Language-Translator-Web-App-Java-NLP-Library-/target/test-classes/com/translatorapp/_Language_Translator_Web_App_Java_NLP_Library_/LanguageTranslatorWebAppJavaNlpLibraryApplicationTests.class], Generic bean: class [com.translatorapp._Language_Translator_Web_App_Java_NLP_Library_.LanguageTranslatorWebAppJavaNlpLibraryApplication]; scope=; abstract=false; lazyInit=null; autowireMode=0; dependencyCheck=0; autowireCandidate=true; primary=false; factoryBeanName=null; factoryMethodName=null; initMethodNames=null; destroyMethodNames=null; defined in file [/Users/albertrosca/Desktop/-Language-Translator-Web-App-Java-NLP-Library-/target/classes/com/translatorapp/_Language_Translator_Web_App_Java_NLP_Library_/LanguageTranslatorWebAppJavaNlpLibraryApplication.class]]
	at org.springframework.util.Assert.state(Assert.java:97)
	at org.springframework.boot.test.context.AnnotatedClassFinder.scanPackage(AnnotatedClassFinder.java:92)
	at org.springframework.boot.test.context.AnnotatedClassFinder.findFromPackage(AnnotatedClassFinder.java:82)
	at org.springframework.boot.test.context.AnnotatedClassFinder.findFromClass(AnnotatedClassFinder.java:68)
	at org.springframework.boot.test.context.SpringBootTestContextBootstrapper.findConfigurationClass(SpringBootTestContextBootstrapper.java:245)
	at org.springframework.boot.test.context.SpringBootTestContextBootstrapper.getOrFindConfigurationClasses(SpringBootTestContextBootstrapper.java:233)
	at org.springframework.boot.test.context.SpringBootTestContextBootstrapper.processMergedContextConfiguration(SpringBootTestContextBootstrapper.java:150)
	at org.springframework.test.context.support.AbstractTestContextBootstrapper.buildMergedContextConfiguration(AbstractTestContextBootstrapper.java:354)
	at org.springframework.test.context.support.AbstractTestContextBootstrapper.buildDefaultMergedContextConfiguration(AbstractTestContextBootstrapper.java:270)
	at org.springframework.test.context.support.AbstractTestContextBootstrapper.buildMergedContextConfiguration(AbstractTestContextBootstrapper.java:218)
	at org.springframework.test.context.support.AbstractTestContextBootstrapper.buildTestContext(AbstractTestContextBootstrapper.java:108)
	at org.springframework.boot.test.context.SpringBootTestContextBootstrapper.buildTestContext(SpringBootTestContextBootstrapper.java:111)
	at org.springframework.test.context.TestContextManager.<init>(TestContextManager.java:129)
	at org.springframework.test.context.TestContextManager.<init>(TestContextManager.java:113)
	at org.springframework.test.context.junit.jupiter.SpringExtension.getTestContextManager(SpringExtension.java:366)
	at org.springframework.test.context.junit.jupiter.SpringExtension.beforeAll(SpringExtension.java:131)
	at java.base/java.util.ArrayList.forEach(ArrayList.java:1604)
]]></error>
    <system-out><![CDATA[2025-12-07T20:52:08.164+02:00  INFO 9027 --- [-Language-Translator-Web-App-Java-NLP-Library-] [           main] t.c.s.AnnotationConfigContextLoaderUtils : Could not detect default configuration classes for test class [com.translatorapp._Language_Translator_Web_App_Java_NLP_Library_.service.TranslationDictionaryTest]: TranslationDictionaryTest does not declare any static, non-private, non-final, nested classes annotated with @Configuration.
]]></system-out>
  </testcase>
</testsuite>