<?xml version="1.0" encoding="UTF-8"?>
<testsuite xmlns:xsi="http://www.w3.org/2001/XMLSchema-instance" xsi:noNamespaceSchemaLocation="https://maven.apache.org/surefire/maven-surefire-plugin/xsd/surefire-test-report-3.0.xsd" version="3.0" name="com.translatorapp._Language_Translator_Web_App_Java_NLP_Library_.service.TranslationServiceTest" time="0.748" tests="4" errors="0" skipped="0" failures="0">
  <properties>
[...]
</properties>
  <testcase name="performTranslation_ShouldHandleDifferentPunctuation" classname="com.translatorapp._Language_Translator_Web_App_Java_NLP_Library_.service.TranslationServiceTest" time="0.01">
    <system-out><![CDATA[2025-12-09T20:37:17.779+02:00  INFO 4203 --- [-Language-Translator-Web-App-Java-NLP-Library-] [           main] t.c.s.AnnotationConfigContextLoaderUtils : Could not detect default configuration classes for test class [com.translatorapp._Language_Translator_Web_App_Java_NLP_Library_.service.TranslationServiceTest]: TranslationServiceTest does not declare any static, non-private, non-final, nested classes annotated with @Configuration.
2025-12-09T20:37:17.783+02:00  INFO 4203 --- [-Language-Translator-Web-App-Java-NLP-Library-] [           main] .b.t.c.SpringBootTestContextBootstrapper : Found @SpringBootConfiguration com.translatorapp._Language_Translator_Web_App_Java_NLP_Library_.LanguageTranslatorWebAppJavaNlpLibraryApplication for test class com.translatorapp._Language_Translator_Web_App_Java_NLP_Library_.service.TranslationServiceTest
2025-12-09T20:37:17.784+02:00  INFO 4203 --- [-Language-Translator-Web-App-Java-NLP-Library-] [           main] o.s.b.d.r.RestartApplicationListener     : Restart disabled due to context in which it is running

  .   ____          _            __ _ _
 /\\ / ___'_ __ _ _(_)_ __  __ _ \ \ \ \
( ( )\___ | '_ | '_| | '_ \/ _` | \ \ \ \
 \\/  ___)| |_)| | | | | || (_| |  ) ) ) )
  '  |____| .__|_| |_|_| |_\__, | / / / /
 =========|_|==============|___/=/_/_/_/
 :: Spring Boot ::                (v3.2.0)

2025-12-09T20:37:17.792+02:00  INFO 4203 --- [-Language-Translator-Web-App-Java-NLP-Library-] [           main] c.t._.service.TranslationServiceTest     : Starting TranslationServiceTest using Java 25.0.1 with PID 4203 (started by albertrosca in /Users/albertrosca/Desktop/-Language-Translator-Web-App-Java-NLP-Library-)
2025-12-09T20:37:17.792+02:00  INFO 4203 --- [-Language-Translator-Web-App-Java-NLP-Library-] [           main] c.t._.service.TranslationServiceTest     : No active profile set, falling back to 1 default profile: "default"
Se initializeaza dictionarul 
DEBUG : Cheia stocata : a_DT
DEBUG : Cheia stocata : ability_NN
DEBUG : Cheia stocata : able_JJ
DEBUG : Cheia stocata : about_IN
DEBUG : Cheia stocata : above_IN
DEBUG : Cheia stocata : accept_VBP
DEBUG : Cheia stocata : across_IN
DEBUG : Cheia stocata : act_NN
DEBUG : Cheia stocata : act_VBP
DEBUG : Cheia stocata : add_VBP
DEBUG : Cheia stocata : afraid_JJ
DEBUG : Cheia stocata : after_IN
DEBUG : Cheia stocata : again_RB
DEBUG : Cheia stocata : against_IN
DEBUG : Cheia stocata : age_NN
DEBUG : Cheia stocata : ago_RB
DEBUG : Cheia stocata : agree_VBP
DEBUG : Cheia stocata : air_NN
DEBUG : Cheia stocata : all_DT
DEBUG : Cheia stocata : allow_VBP
DEBUG : Cheia stocata : almost_RB
DEBUG : Cheia stocata : alone_JJ
DEBUG : Cheia stocata : along_IN
DEBUG : Cheia stocata : already_RB
DEBUG : Cheia stocata : also_RB
DEBUG : Cheia stocata : although_IN
DEBUG : Cheia stocata : always_RB
DEBUG : Cheia stocata : am_VBP
DEBUG : Cheia stocata : among_IN
DEBUG : Cheia stocata : amount_NN
DEBUG : Cheia stocata : an_DT
DEBUG : Cheia stocata : and_CC
DEBUG : Cheia stocata : anger_NN
DEBUG : Cheia stocata : animal_NN
DEBUG : Cheia stocata : another_DT
DEBUG : Cheia stocata : answer_NN
DEBUG : Cheia stocata : answer_VBP
DEBUG : Cheia stocata : any_DT
DEBUG : Cheia stocata : anyone_NN
DEBUG : Cheia stocata : anything_NN
DEBUG : Cheia stocata : appear_VBP
DEBUG : Cheia stocata : application_NN
DEBUG : Cheia stocata : area_NN
DEBUG : Cheia stocata : argue_VBP
DEBUG : Cheia stocata : arm_NN
DEBUG : Cheia stocata : army_NN
DEBUG : Cheia stocata : around_IN
DEBUG : Cheia stocata : arrive_VBP
DEBUG : Cheia stocata : art_NN
DEBUG : Cheia stocata : as_IN
DEBUG : Cheia stocata : ask_VBP
DEBUG : Cheia stocata : at_IN
DEBUG : Cheia stocata : attack_VBP
DEBUG : Cheia stocata : attention_NN
DEBUG : Cheia stocata : author_NN
DEBUG : Cheia stocata : authority_NN
DEBUG : Cheia stocata : available_JJ
DEBUG : Cheia stocata : avoid_VBP
DEBUG : Cheia stocata : away_RB
DEBUG : Cheia stocata : baby_NN
DEBUG : Cheia stocata : back_RB
DEBUG : Cheia stocata : bad_JJ
DEBUG : Cheia stocata : ball_NN
DEBUG : Cheia stocata : bank_NN
DEBUG : Cheia stocata : bar_NN
DEBUG : Cheia stocata : base_NN
DEBUG : Cheia stocata : be_VB
DEBUG : Cheia stocata : beautiful_JJ
DEBUG : Cheia stocata : because_IN
DEBUG : Cheia stocata : become_VBP
DEBUG : Cheia stocata : bed_NN
DEBUG : Cheia stocata : before_IN
DEBUG : Cheia stocata : begin_VBP
DEBUG : Cheia stocata : behind_IN
DEBUG : Cheia stocata : believe_VBP
DEBUG : Cheia stocata : benefit_NN
DEBUG : Cheia stocata : best_JJ
DEBUG : Cheia stocata : better_JJ
DEBUG : Cheia stocata : between_IN
DEBUG : Cheia stocata : big_JJ
DEBUG : Cheia stocata : bill_NN
DEBUG : Cheia stocata : black_JJ
DEBUG : Cheia stocata : blood_NN
DEBUG : Cheia stocata : blue_JJ
DEBUG : Cheia stocata : board_NN
DEBUG : Cheia stocata : body_NN
DEBUG : Cheia stocata : book_NN
DEBUG : Cheia stocata : book_VB
DEBUG : Cheia stocata : both_DT
DEBUG : Cheia stocata : box_NN
DEBUG : Cheia stocata : boy_NN
DEBUG : Cheia stocata : break_VBP
DEBUG : Cheia stocata : bring_VBP
DEBUG : Cheia stocata : brother_NN
DEBUG : Cheia stocata : build_VBP
DEBUG : Cheia stocata : business_NN
DEBUG : Cheia stocata : but_CC
DEBUG : Cheia stocata : buy_VBP
DEBUG : Cheia stocata : by_IN
DEBUG : Cheia stocata : call_VBP
DEBUG : Cheia stocata : can_MD
DEBUG : Cheia stocata : car_NN
DEBUG : Cheia stocata : care_VBP
DEBUG : Cheia stocata : carry_VBP
DEBUG : Cheia stocata : case_NN
DEBUG : Cheia stocata : cat_NN
DEBUG : Cheia stocata : catch_VBP
DEBUG : Cheia stocata : cause_NN
DEBUG : Cheia stocata : center_NN
DEBUG : Cheia stocata : century_NN
DEBUG : Cheia stocata : certain_JJ
DEBUG : Cheia stocata : change_VBP
DEBUG : Cheia stocata : check_VBP
DEBUG : Cheia stocata : child_NN
DEBUG : Cheia stocata : choose_VBP
DEBUG : Cheia stocata : church_NN
DEBUG : Cheia stocata : citizen_NN
DEBUG : Cheia stocata : city_NN
DEBUG : Cheia stocata : claim_VBP
DEBUG : Cheia stocata : class_NN
DEBUG : Cheia stocata : clear_JJ
DEBUG : Cheia stocata : clearly_RB
DEBUG : Cheia stocata : close_RB
DEBUG : Cheia stocata : cold_JJ
DEBUG : Cheia stocata : come_VBP
DEBUG : Cheia stocata : common_JJ
DEBUG : Cheia stocata : community_NN
DEBUG : Cheia stocata : company_NN
DEBUG : Cheia stocata : compare_VBP
DEBUG : Cheia stocata : computer_NN
DEBUG : Cheia stocata : concern_NN
DEBUG : Cheia stocata : condition_NN
DEBUG : Cheia stocata : consider_VBP
DEBUG : Cheia stocata : continue_VBP
DEBUG : Cheia stocata : control_NN
DEBUG : Cheia stocata : cost_NN
DEBUG : Cheia stocata : could_MD
DEBUG : Cheia stocata : country_NN
DEBUG : Cheia stocata : couple_NN
DEBUG : Cheia stocata : course_NN
DEBUG : Cheia stocata : court_NN
DEBUG : Cheia stocata : cover_VBP
DEBUG : Cheia stocata : create_VBP
DEBUG : Cheia stocata : crime_NN
DEBUG : Cheia stocata : cultural_JJ
DEBUG : Cheia stocata : culture_NN
DEBUG : Cheia stocata : cup_NN
DEBUG : Cheia stocata : current_JJ
DEBUG : Cheia stocata : cut_VBP
DEBUG : Cheia stocata : dark_JJ
DEBUG : Cheia stocata : data_NN
DEBUG : Cheia stocata : daughter_NN
DEBUG : Cheia stocata : day_NN
DEBUG : Cheia stocata : dead_JJ
DEBUG : Cheia stocata : deal_NN
DEBUG : Cheia stocata : death_NN
DEBUG : Cheia stocata : debate_NN
DEBUG : Cheia stocata : decide_VBP
DEBUG : Cheia stocata : deep_JJ
DEBUG : Cheia stocata : degree_NN
DEBUG : Cheia stocata : develop_VBP
DEBUG : Cheia stocata : development_NN
DEBUG : Cheia stocata : die_VBP
DEBUG : Cheia stocata : difference_NN
DEBUG : Cheia stocata : different_JJ
DEBUG : Cheia stocata : difficult_JJ
DEBUG : Cheia stocata : dinner_NN
DEBUG : Cheia stocata : direction_NN
DEBUG : Cheia stocata : discover_VBP
DEBUG : Cheia stocata : discuss_VBP
DEBUG : Cheia stocata : do_VBP
DEBUG : Cheia stocata : doctor_NN
DEBUG : Cheia stocata : dog_NN
DEBUG : Cheia stocata : door_NN
DEBUG : Cheia stocata : down_RB
DEBUG : Cheia stocata : draw_VBP
DEBUG : Cheia stocata : dream_NN
DEBUG : Cheia stocata : drive_VBP
DEBUG : Cheia stocata : during_IN
DEBUG : Cheia stocata : each_DT
DEBUG : Cheia stocata : early_RB
DEBUG : Cheia stocata : east_NN
DEBUG : Cheia stocata : easy_JJ
DEBUG : Cheia stocata : eat_VBP
DEBUG : Cheia stocata : eats_VBZ
DEBUG : Cheia stocata : economic_JJ
DEBUG : Cheia stocata : education_NN
DEBUG : Cheia stocata : effect_NN
DEBUG : Cheia stocata : effort_NN
DEBUG : Cheia stocata : eight_CD
DEBUG : Cheia stocata : either_DT
DEBUG : Cheia stocata : election_NN
DEBUG : Cheia stocata : else_RB
DEBUG : Cheia stocata : employee_NN
DEBUG : Cheia stocata : end_NN
DEBUG : Cheia stocata : energy_NN
DEBUG : Cheia stocata : enjoy_VBP
DEBUG : Cheia stocata : enough_JJ
DEBUG : Cheia stocata : enter_VBP
DEBUG : Cheia stocata : entire_JJ
DEBUG : Cheia stocata : environment_NN
DEBUG : Cheia stocata : especially_RB
DEBUG : Cheia stocata : establish_VBP
DEBUG : Cheia stocata : even_RB
DEBUG : Cheia stocata : evening_NN
DEBUG : Cheia stocata : ever_RB
DEBUG : Cheia stocata : every_DT
DEBUG : Cheia stocata : everyone_NN
DEBUG : Cheia stocata : everything_NN
DEBUG : Cheia stocata : evidence_NN
DEBUG : Cheia stocata : exact_JJ
DEBUG : Cheia stocata : example_NN
DEBUG : Cheia stocata : expect_VBP
DEBUG : Cheia stocata : experience_NN
DEBUG : Cheia stocata : explain_VBP
DEBUG : Cheia stocata : eye_NN
DEBUG : Cheia stocata : face_NN
DEBUG : Cheia stocata : fact_NN
DEBUG : Cheia stocata : factor_NN
DEBUG : Cheia stocata : fail_VBP
DEBUG : Cheia stocata : fall_VBP
DEBUG : Cheia stocata : family_NN
DEBUG : Cheia stocata : far_RB
DEBUG : Cheia stocata : fast_RB
DEBUG : Cheia stocata : father_NN
DEBUG : Cheia stocata : fear_NN
DEBUG : Cheia stocata : feel_VBP
DEBUG : Cheia stocata : few_JJ
DEBUG : Cheia stocata : field_NN
DEBUG : Cheia stocata : fight_VBP
DEBUG : Cheia stocata : figure_NN
DEBUG : Cheia stocata : fill_VBP
DEBUG : Cheia stocata : film_NN
DEBUG : Cheia stocata : final_JJ
DEBUG : Cheia stocata : finally_RB
DEBUG : Cheia stocata : find_VBP
DEBUG : Cheia stocata : fine_JJ
DEBUG : Cheia stocata : finger_NN
DEBUG : Cheia stocata : finish_VBP
DEBUG : Cheia stocata : fire_NN
DEBUG : Cheia stocata : firm_NN
DEBUG : Cheia stocata : first_JJ
DEBUG : Cheia stocata : fish_NN
DEBUG : Cheia stocata : five_CD
DEBUG : Cheia stocata : floor_NN
DEBUG : Cheia stocata : fly_VBP
DEBUG : Cheia stocata : focus_NN
DEBUG : Cheia stocata : follow_VBP
DEBUG : Cheia stocata : food_NN
DEBUG : Cheia stocata : foot_NN
DEBUG : Cheia stocata : for_IN
DEBUG : Cheia stocata : force_NN
DEBUG : Cheia stocata : form_NN
DEBUG : Cheia stocata : former_JJ
DEBUG : Cheia stocata : forward_RB
DEBUG : Cheia stocata : four_CD
DEBUG : Cheia stocata : free_JJ
DEBUG : Cheia stocata : friend_NN
DEBUG : Cheia stocata : from_IN
DEBUG : Cheia stocata : front_NN
DEBUG : Cheia stocata : full_JJ
DEBUG : Cheia stocata : fund_NN
DEBUG : Cheia stocata : future_NN
DEBUG : Cheia stocata : game_NN
DEBUG : Cheia stocata : garden_NN
DEBUG : Cheia stocata : general_JJ
DEBUG : Cheia stocata : get_VBP
DEBUG : Cheia stocata : girl_NN
DEBUG : Cheia stocata : give_VBP
DEBUG : Cheia stocata : glass_NN
DEBUG : Cheia stocata : go_VBP
DEBUG : Cheia stocata : goal_NN
DEBUG : Cheia stocata : good_JJ
DEBUG : Cheia stocata : got_VBD
DEBUG : Cheia stocata : government_NN
DEBUG : Cheia stocata : great_JJ
DEBUG : Cheia stocata : green_JJ
DEBUG : Cheia stocata : ground_NN
DEBUG : Cheia stocata : group_NN
DEBUG : Cheia stocata : grow_VBP
DEBUG : Cheia stocata : guess_VBP
DEBUG : Cheia stocata : gun_NN
DEBUG : Cheia stocata : guy_NN
DEBUG : Cheia stocata : hair_NN
DEBUG : Cheia stocata : half_DT
DEBUG : Cheia stocata : hand_NN
DEBUG : Cheia stocata : hang_VBP
DEBUG : Cheia stocata : happy_JJ
DEBUG : Cheia stocata : hard_JJ
DEBUG : Cheia stocata : has_VBZ
DEBUG : Cheia stocata : have_VBP
DEBUG : Cheia stocata : he_PRP
DEBUG : Cheia stocata : head_NN
DEBUG : Cheia stocata : health_NN
DEBUG : Cheia stocata : hear_VBP
DEBUG : Cheia stocata : heart_NN
DEBUG : Cheia stocata : heat_NN
DEBUG : Cheia stocata : heavy_JJ
DEBUG : Cheia stocata : help_NN
DEBUG : Cheia stocata : help_VBP
DEBUG : Cheia stocata : hello_NNP
DEBUG : Cheia stocata : her_PRP$
DEBUG : Cheia stocata : here_RB
DEBUG : Cheia stocata : high_JJ
DEBUG : Cheia stocata : him_PRP
DEBUG : Cheia stocata : himself_PRP
DEBUG : Cheia stocata : his_PRP$
DEBUG : Cheia stocata : history_NN
DEBUG : Cheia stocata : hit_VBP
DEBUG : Cheia stocata : hold_VBP
DEBUG : Cheia stocata : home_NN
DEBUG : Cheia stocata : hope_NN
DEBUG : Cheia stocata : hospital_NN
DEBUG : Cheia stocata : hot_JJ
DEBUG : Cheia stocata : hour_NN
DEBUG : Cheia stocata : house_NN
DEBUG : Cheia stocata : how_WRB
DEBUG : Cheia stocata : however_RB
DEBUG : Cheia stocata : huge_JJ
DEBUG : Cheia stocata : human_NN
DEBUG : Cheia stocata : i_PRP
DEBUG : Cheia stocata : idea_NN
DEBUG : Cheia stocata : identify_VBP
DEBUG : Cheia stocata : if_IN
DEBUG : Cheia stocata : image_NN
DEBUG : Cheia stocata : imagine_VBP
DEBUG : Cheia stocata : impact_NN
DEBUG : Cheia stocata : important_JJ
DEBUG : Cheia stocata : improve_VBP
DEBUG : Cheia stocata : in_IN
DEBUG : Cheia stocata : include_VBP
DEBUG : Cheia stocata : increase_VBP
DEBUG : Cheia stocata : indeed_RB
DEBUG : Cheia stocata : individual_NN
DEBUG : Cheia stocata : industry_NN
DEBUG : Cheia stocata : information_NN
DEBUG : Cheia stocata : inside_IN
DEBUG : Cheia stocata : instead_RB
DEBUG : Cheia stocata : institution_NN
DEBUG : Cheia stocata : interest_NN
DEBUG : Cheia stocata : international_JJ
DEBUG : Cheia stocata : into_IN
DEBUG : Cheia stocata : introduce_VBP
DEBUG : Cheia stocata : invest_VBP
DEBUG : Cheia stocata : involve_VBP
DEBUG : Cheia stocata : is_VBZ
DEBUG : Cheia stocata : issue_NN
DEBUG : Cheia stocata : it_PRP
DEBUG : Cheia stocata : its_PRP$
DEBUG : Cheia stocata : java_NNP
DEBUG : Cheia stocata : job_NN
DEBUG : Cheia stocata : join_VBP
DEBUG : Cheia stocata : just_RB
DEBUG : Cheia stocata : keep_VBP
DEBUG : Cheia stocata : key_NN
DEBUG : Cheia stocata : kid_NN
DEBUG : Cheia stocata : kill_VBP
DEBUG : Cheia stocata : kind_NN
DEBUG : Cheia stocata : kitchen_NN
DEBUG : Cheia stocata : know_VBP
DEBUG : Cheia stocata : knowledge_NN
DEBUG : Cheia stocata : land_NN
DEBUG : Cheia stocata : language_NN
DEBUG : Cheia stocata : large_JJ
DEBUG : Cheia stocata : last_JJ
DEBUG : Cheia stocata : late_RB
DEBUG : Cheia stocata : later_RB
DEBUG : Cheia stocata : laugh_VBP
DEBUG : Cheia stocata : law_NN
DEBUG : Cheia stocata : lay_VBP
DEBUG : Cheia stocata : lead_VBP
DEBUG : Cheia stocata : learn_VBP
DEBUG : Cheia stocata : least_JJ
DEBUG : Cheia stocata : leave_VBP
DEBUG : Cheia stocata : left_JJ
DEBUG : Cheia stocata : less_JJ
DEBUG : Cheia stocata : let_VBP
DEBUG : Cheia stocata : letter_NN
DEBUG : Cheia stocata : level_NN
DEBUG : Cheia stocata : life_NN
DEBUG : Cheia stocata : light_NN
DEBUG : Cheia stocata : like_VBP
DEBUG : Cheia stocata : likely_RB
DEBUG : Cheia stocata : line_NN
DEBUG : Cheia stocata : list_NN
DEBUG : Cheia stocata : listen_VBP
DEBUG : Cheia stocata : little_JJ
DEBUG : Cheia stocata : live_VBP
DEBUG : Cheia stocata : local_JJ
DEBUG : Cheia stocata : long_JJ
DEBUG : Cheia stocata : look_VBP
DEBUG : Cheia stocata : lose_VBP
DEBUG : Cheia stocata : lost_VBD
DEBUG : Cheia stocata : lot_NN
DEBUG : Cheia stocata : love_VBP
DEBUG : Cheia stocata : low_JJ
DEBUG : Cheia stocata : main_JJ
DEBUG : Cheia stocata : maintain_VBP
DEBUG : Cheia stocata : major_JJ
DEBUG : Cheia stocata : make_VBP
DEBUG : Cheia stocata : man_NN
DEBUG : Cheia stocata : manage_VBP
DEBUG : Cheia stocata : many_JJ
DEBUG : Cheia stocata : market_NN
DEBUG : Cheia stocata : material_NN
DEBUG : Cheia stocata : matter_NN
DEBUG : Cheia stocata : may_MD
DEBUG : Cheia stocata : me_PRP
DEBUG : Cheia stocata : mean_VBP
DEBUG : Cheia stocata : measure_NN
DEBUG : Cheia stocata : media_NN
DEBUG : Cheia stocata : meet_VBP
DEBUG : Cheia stocata : member_NN
DEBUG : Cheia stocata : memory_NN
DEBUG : Cheia stocata : message_NN
DEBUG : Cheia stocata : might_MD
DEBUG : Cheia stocata : military_NN
DEBUG : Cheia stocata : million_CD
DEBUG : Cheia stocata : mind_NN
DEBUG : Cheia stocata : minute_NN
DEBUG : Cheia stocata : miss_VBP
DEBUG : Cheia stocata : model_NN
DEBUG : Cheia stocata : moment_NN
DEBUG : Cheia stocata : money_NN
DEBUG : Cheia stocata : month_NN
DEBUG : Cheia stocata : more_JJ
DEBUG : Cheia stocata : morning_NN
DEBUG : Cheia stocata : most_DT
DEBUG : Cheia stocata : mother_NN
DEBUG : Cheia stocata : move_VBP
DEBUG : Cheia stocata : much_RB
DEBUG : Cheia stocata : music_NN
DEBUG : Cheia stocata : must_MD
DEBUG : Cheia stocata : my_PRP$
DEBUG : Cheia stocata : name_NN
DEBUG : Cheia stocata : nation_NN
DEBUG : Cheia stocata : national_JJ
DEBUG : Cheia stocata : natural_JJ
DEBUG : Cheia stocata : near_IN
DEBUG : Cheia stocata : necessarily_RB
DEBUG : Cheia stocata : need_VBP
DEBUG : Cheia stocata : network_NN
DEBUG : Cheia stocata : never_RB
DEBUG : Cheia stocata : new_JJ
DEBUG : Cheia stocata : news_NN
DEBUG : Cheia stocata : next_JJ
DEBUG : Cheia stocata : night_NN
DEBUG : Cheia stocata : no_DT
DEBUG : Cheia stocata : none_NN
DEBUG : Cheia stocata : nor_CC
DEBUG : Cheia stocata : normal_JJ
DEBUG : Cheia stocata : north_NN
DEBUG : Cheia stocata : not_RB
DEBUG : Cheia stocata : note_NN
DEBUG : Cheia stocata : nothing_NN
DEBUG : Cheia stocata : now_RB
DEBUG : Cheia stocata : number_NN
DEBUG : Cheia stocata : occur_VBP
DEBUG : Cheia stocata : of_IN
DEBUG : Cheia stocata : off_RB
DEBUG : Cheia stocata : offer_VBP
DEBUG : Cheia stocata : office_NN
DEBUG : Cheia stocata : often_RB
DEBUG : Cheia stocata : oh_UH
DEBUG : Cheia stocata : old_JJ
DEBUG : Cheia stocata : on_IN
DEBUG : Cheia stocata : once_RB
DEBUG : Cheia stocata : one_CD
DEBUG : Cheia stocata : only_RB
DEBUG : Cheia stocata : open_VBP
DEBUG : Cheia stocata : operation_NN
DEBUG : Cheia stocata : opportunity_NN
DEBUG : Cheia stocata : or_CC
DEBUG : Cheia stocata : order_NN
DEBUG : Cheia stocata : organization_NN
DEBUG : Cheia stocata : other_DT
DEBUG : Cheia stocata : others_NNS
DEBUG : Cheia stocata : out_RB
DEBUG : Cheia stocata : outside_IN
DEBUG : Cheia stocata : over_IN
DEBUG : Cheia stocata : own_VBP
DEBUG : Cheia stocata : owner_NN
DEBUG : Cheia stocata : page_NN
DEBUG : Cheia stocata : pain_NN
DEBUG : Cheia stocata : paper_NN
DEBUG : Cheia stocata : parent_NN
DEBUG : Cheia stocata : part_NN
DEBUG : Cheia stocata : particular_JJ
DEBUG : Cheia stocata : particularly_RB
DEBUG : Cheia stocata : party_NN
DEBUG : Cheia stocata : pass_VBP
DEBUG : Cheia stocata : past_JJ
DEBUG : Cheia stocata : patient_NN
DEBUG : Cheia stocata : pattern_NN
DEBUG : Cheia stocata : pay_VBP
DEBUG : Cheia stocata : peace_NN
DEBUG : Cheia stocata : people_NN
DEBUG : Cheia stocata : per_IN
DEBUG : Cheia stocata : perform_VBP
DEBUG : Cheia stocata : period_NN
DEBUG : Cheia stocata : person_NN
DEBUG : Cheia stocata : personal_JJ
DEBUG : Cheia stocata : phone_NN
DEBUG : Cheia stocata : physical_JJ
DEBUG : Cheia stocata : pick_VBP
DEBUG : Cheia stocata : picture_NN
DEBUG : Cheia stocata : piece_NN
DEBUG : Cheia stocata : place_NN
DEBUG : Cheia stocata : plan_NN
DEBUG : Cheia stocata : plant_NN
DEBUG : Cheia stocata : play_VBP
DEBUG : Cheia stocata : point_NN
DEBUG : Cheia stocata : police_NN
DEBUG : Cheia stocata : policy_NN
DEBUG : Cheia stocata : political_JJ
DEBUG : Cheia stocata : poor_JJ
DEBUG : Cheia stocata : position_NN
DEBUG : Cheia stocata : possible_JJ
DEBUG : Cheia stocata : power_NN
DEBUG : Cheia stocata : practice_NN
DEBUG : Cheia stocata : prepare_VBP
DEBUG : Cheia stocata : present_JJ
DEBUG : Cheia stocata : president_NN
DEBUG : Cheia stocata : press_VBP
DEBUG : Cheia stocata : pressure_NN
DEBUG : Cheia stocata : price_NN
DEBUG : Cheia stocata : private_JJ
DEBUG : Cheia stocata : probably_RB
DEBUG : Cheia stocata : problem_NN
DEBUG : Cheia stocata : process_NN
DEBUG : Cheia stocata : produce_VBP
DEBUG : Cheia stocata : product_NN
DEBUG : Cheia stocata : program_NN
DEBUG : Cheia stocata : project_NN
DEBUG : Cheia stocata : protect_VBP
DEBUG : Cheia stocata : provide_VBP
DEBUG : Cheia stocata : public_JJ
DEBUG : Cheia stocata : pull_VBP
DEBUG : Cheia stocata : purpose_NN
DEBUG : Cheia stocata : push_VBP
DEBUG : Cheia stocata : put_VBP
DEBUG : Cheia stocata : quality_NN
DEBUG : Cheia stocata : question_NN
DEBUG : Cheia stocata : quick_JJ
DEBUG : Cheia stocata : quickly_RB
DEBUG : Cheia stocata : quite_RB
DEBUG : Cheia stocata : race_NN
DEBUG : Cheia stocata : radio_NN
DEBUG : Cheia stocata : ran_VBD
DEBUG : Cheia stocata : range_NN
DEBUG : Cheia stocata : rate_NN
DEBUG : Cheia stocata : rather_RB
DEBUG : Cheia stocata : reach_VBP
DEBUG : Cheia stocata : read_VBP
DEBUG : Cheia stocata : ready_JJ
DEBUG : Cheia stocata : real_JJ
DEBUG : Cheia stocata : really_RB
DEBUG : Cheia stocata : reason_NN
DEBUG : Cheia stocata : receive_VBP
DEBUG : Cheia stocata : recent_JJ
DEBUG : Cheia stocata : recognize_VBP
DEBUG : Cheia stocata : record_NN
DEBUG : Cheia stocata : red_JJ
DEBUG : Cheia stocata : reduce_VBP
DEBUG : Cheia stocata : reflect_VBP
DEBUG : Cheia stocata : region_NN
DEBUG : Cheia stocata : relate_VBP
DEBUG : Cheia stocata : relation_NN
DEBUG : Cheia stocata : relationship_NN
DEBUG : Cheia stocata : remain_VBP
DEBUG : Cheia stocata : remember_VBP
DEBUG : Cheia stocata : remove_VBP
DEBUG : Cheia stocata : report_NN
DEBUG : Cheia stocata : represent_VBP
DEBUG : Cheia stocata : require_VBP
DEBUG : Cheia stocata : research_NN
DEBUG : Cheia stocata : resource_NN
DEBUG : Cheia stocata : respond_VBP
DEBUG : Cheia stocata : response_NN
DEBUG : Cheia stocata : rest_NN
DEBUG : Cheia stocata : result_NN
DEBUG : Cheia stocata : return_VBP
DEBUG : Cheia stocata : reveal_VBP
DEBUG : Cheia stocata : rich_JJ
DEBUG : Cheia stocata : right_JJ
DEBUG : Cheia stocata : rise_VBP
DEBUG : Cheia stocata : risk_NN
DEBUG : Cheia stocata : road_NN
DEBUG : Cheia stocata : rock_NN
DEBUG : Cheia stocata : role_NN
DEBUG : Cheia stocata : room_NN
DEBUG : Cheia stocata : rule_NN
DEBUG : Cheia stocata : run_NN
DEBUG : Cheia stocata : run_VB
DEBUG : Cheia stocata : run_VBP
DEBUG : Cheia stocata : runs_VBZ
DEBUG : Cheia stocata : safe_JJ
DEBUG : Cheia stocata : same_JJ
DEBUG : Cheia stocata : save_VBP
DEBUG : Cheia stocata : say_VBP
DEBUG : Cheia stocata : scene_NN
DEBUG : Cheia stocata : school_NN
DEBUG : Cheia stocata : science_NN
DEBUG : Cheia stocata : security_NN
DEBUG : Cheia stocata : see_VBP
DEBUG : Cheia stocata : seek_VBP
DEBUG : Cheia stocata : seem_VBP
DEBUG : Cheia stocata : sell_VBP
DEBUG : Cheia stocata : send_VBP
DEBUG : Cheia stocata : sense_NN
DEBUG : Cheia stocata : series_NN
DEBUG : Cheia stocata : serious_JJ
DEBUG : Cheia stocata : serve_VBP
DEBUG : Cheia stocata : service_NN
DEBUG : Cheia stocata : set_VBP
DEBUG : Cheia stocata : seven_CD
DEBUG : Cheia stocata : several_JJ
DEBUG : Cheia stocata : shake_VBP
DEBUG : Cheia stocata : share_VBP
DEBUG : Cheia stocata : she_PRP
DEBUG : Cheia stocata : short_JJ
DEBUG : Cheia stocata : should_MD
DEBUG : Cheia stocata : show_VBP
DEBUG : Cheia stocata : side_NN
DEBUG : Cheia stocata : sign_NN
DEBUG : Cheia stocata : significant_JJ
DEBUG : Cheia stocata : similar_JJ
DEBUG : Cheia stocata : simple_JJ
DEBUG : Cheia stocata : simply_RB
DEBUG : Cheia stocata : since_IN
DEBUG : Cheia stocata : sing_VBP
DEBUG : Cheia stocata : single_JJ
DEBUG : Cheia stocata : sister_NN
DEBUG : Cheia stocata : sit_VBP
DEBUG : Cheia stocata : site_NN
DEBUG : Cheia stocata : situation_NN
DEBUG : Cheia stocata : six_CD
DEBUG : Cheia stocata : size_NN
DEBUG : Cheia stocata : skill_NN
DEBUG : Cheia stocata : sleep_VBP
DEBUG : Cheia stocata : small_JJ
DEBUG : Cheia stocata : social_JJ
DEBUG : Cheia stocata : society_NN
DEBUG : Cheia stocata : some_DT
DEBUG : Cheia stocata : someone_NN
DEBUG : Cheia stocata : something_NN
DEBUG : Cheia stocata : sometimes_RB
DEBUG : Cheia stocata : son_NN
DEBUG : Cheia stocata : soon_RB
DEBUG : Cheia stocata : sort_NN
DEBUG : Cheia stocata : sound_NN
DEBUG : Cheia stocata : source_NN
DEBUG : Cheia stocata : south_NN
DEBUG : Cheia stocata : space_NN
DEBUG : Cheia stocata : speak_VBP
DEBUG : Cheia stocata : special_JJ
DEBUG : Cheia stocata : specific_JJ
DEBUG : Cheia stocata : spend_VBP
DEBUG : Cheia stocata : sport_NN
DEBUG : Cheia stocata : spring_NN
DEBUG : Cheia stocata : staff_NN
DEBUG : Cheia stocata : stage_NN
DEBUG : Cheia stocata : stand_VBP
DEBUG : Cheia stocata : standard_NN
DEBUG : Cheia stocata : start_VBP
DEBUG : Cheia stocata : state_NN
DEBUG : Cheia stocata : statement_NN
DEBUG : Cheia stocata : station_NN
DEBUG : Cheia stocata : stay_VBP
DEBUG : Cheia stocata : step_NN
DEBUG : Cheia stocata : still_RB
DEBUG : Cheia stocata : stock_NN
DEBUG : Cheia stocata : stop_VBP
DEBUG : Cheia stocata : store_NN
DEBUG : Cheia stocata : story_NN
DEBUG : Cheia stocata : strategy_NN
DEBUG : Cheia stocata : street_NN
DEBUG : Cheia stocata : strong_JJ
DEBUG : Cheia stocata : structure_NN
DEBUG : Cheia stocata : student_NN
DEBUG : Cheia stocata : study_VBP
DEBUG : Cheia stocata : stuff_NN
DEBUG : Cheia stocata : style_NN
DEBUG : Cheia stocata : subject_NN
DEBUG : Cheia stocata : success_NN
DEBUG : Cheia stocata : successful_JJ
DEBUG : Cheia stocata : such_DT
DEBUG : Cheia stocata : suggest_VBP
DEBUG : Cheia stocata : summer_NN
DEBUG : Cheia stocata : support_VBP
DEBUG : Cheia stocata : sure_JJ
DEBUG : Cheia stocata : system_NN
DEBUG : Cheia stocata : table_NN
DEBUG : Cheia stocata : table_VB
DEBUG : Cheia stocata : take_VBP
DEBUG : Cheia stocata : talk_VBP
DEBUG : Cheia stocata : task_NN
DEBUG : Cheia stocata : team_NN
DEBUG : Cheia stocata : technology_NN
DEBUG : Cheia stocata : tell_VBP
DEBUG : Cheia stocata : ten_CD
DEBUG : Cheia stocata : term_NN
DEBUG : Cheia stocata : test_NN
DEBUG : Cheia stocata : than_IN
DEBUG : Cheia stocata : thank_VBP
DEBUG : Cheia stocata : that_DT
DEBUG : Cheia stocata : the_DT
DEBUG : Cheia stocata : their_PRP$
DEBUG : Cheia stocata : them_PRP
DEBUG : Cheia stocata : then_RB
DEBUG : Cheia stocata : theory_NN
DEBUG : Cheia stocata : there_RB
DEBUG : Cheia stocata : therefore_RB
DEBUG : Cheia stocata : these_DT
DEBUG : Cheia stocata : they_PRP
DEBUG : Cheia stocata : thing_NN
DEBUG : Cheia stocata : think_VBP
DEBUG : Cheia stocata : third_JJ
DEBUG : Cheia stocata : this_DT
DEBUG : Cheia stocata : those_DT
DEBUG : Cheia stocata : though_IN
DEBUG : Cheia stocata : thought_NN
DEBUG : Cheia stocata : three_CD
DEBUG : Cheia stocata : through_IN
DEBUG : Cheia stocata : throughout_IN
DEBUG : Cheia stocata : time_NN
DEBUG : Cheia stocata : to_TO
DEBUG : Cheia stocata : today_NN
DEBUG : Cheia stocata : together_RB
DEBUG : Cheia stocata : tonight_NN
DEBUG : Cheia stocata : too_RB
DEBUG : Cheia stocata : top_NN
DEBUG : Cheia stocata : total_NN
DEBUG : Cheia stocata : toward_IN
DEBUG : Cheia stocata : town_NN
DEBUG : Cheia stocata : trade_NN
DEBUG : Cheia stocata : training_NN
DEBUG : Cheia stocata : travel_VBP
DEBUG : Cheia stocata : treat_VBP
DEBUG : Cheia stocata : tree_NN
DEBUG : Cheia stocata : trial_NN
DEBUG : Cheia stocata : true_JJ
DEBUG : Cheia stocata : truth_NN
DEBUG : Cheia stocata : try_VBP
DEBUG : Cheia stocata : turn_VBP
DEBUG : Cheia stocata : tv_NN
DEBUG : Cheia stocata : two_CD
DEBUG : Cheia stocata : type_NN
DEBUG : Cheia stocata : under_IN
DEBUG : Cheia stocata : understand_VBP
DEBUG : Cheia stocata : unit_NN
DEBUG : Cheia stocata : until_IN
DEBUG : Cheia stocata : up_RB
DEBUG : Cheia stocata : upon_IN
DEBUG : Cheia stocata : us_PRP
DEBUG : Cheia stocata : use_VBP
DEBUG : Cheia stocata : value_NN
DEBUG : Cheia stocata : various_JJ
DEBUG : Cheia stocata : very_RB
DEBUG : Cheia stocata : victim_NN
DEBUG : Cheia stocata : view_NN
DEBUG : Cheia stocata : violence_NN
DEBUG : Cheia stocata : visit_VBP
DEBUG : Cheia stocata : voice_NN
DEBUG : Cheia stocata : vote_VBP
DEBUG : Cheia stocata : wait_VBP
DEBUG : Cheia stocata : walk_VBP
DEBUG : Cheia stocata : wall_NN
DEBUG : Cheia stocata : want_VBP
DEBUG : Cheia stocata : war_NN
DEBUG : Cheia stocata : was_VBD
DEBUG : Cheia stocata : watch_VBP
DEBUG : Cheia stocata : water_NN
DEBUG : Cheia stocata : way_NN
DEBUG : Cheia stocata : we_PRP
DEBUG : Cheia stocata : weapon_NN
DEBUG : Cheia stocata : wear_VBP
DEBUG : Cheia stocata : week_NN
DEBUG : Cheia stocata : weight_NN
DEBUG : Cheia stocata : well_RB
DEBUG : Cheia stocata : west_NN
DEBUG : Cheia stocata : what_WP
DEBUG : Cheia stocata : whatever_WP
DEBUG : Cheia stocata : when_WRB
DEBUG : Cheia stocata : where_WRB
DEBUG : Cheia stocata : whether_IN
DEBUG : Cheia stocata : which_WDT
DEBUG : Cheia stocata : while_IN
DEBUG : Cheia stocata : white_JJ
DEBUG : Cheia stocata : who_WP
DEBUG : Cheia stocata : whole_JJ
DEBUG : Cheia stocata : whom_WP
DEBUG : Cheia stocata : why_WRB
DEBUG : Cheia stocata : wide_JJ
DEBUG : Cheia stocata : wife_NN
DEBUG : Cheia stocata : will_MD
DEBUG : Cheia stocata : win_VBP
DEBUG : Cheia stocata : window_NN
DEBUG : Cheia stocata : with_IN
DEBUG : Cheia stocata : within_IN
DEBUG : Cheia stocata : without_IN
DEBUG : Cheia stocata : woman_NN
DEBUG : Cheia stocata : wonder_VBP
DEBUG : Cheia stocata : word_NN
DEBUG : Cheia stocata : work_NN
DEBUG : Cheia stocata : work_VBP
DEBUG : Cheia stocata : world_NN
DEBUG : Cheia stocata : worry_VBP
DEBUG : Cheia stocata : would_MD
DEBUG : Cheia stocata : write_VBP
DEBUG : Cheia stocata : wrong_JJ
DEBUG : Cheia stocata : year_NN
DEBUG : Cheia stocata : yes_UH
DEBUG : Cheia stocata : yet_RB
DEBUG : Cheia stocata : you_PRP
DEBUG : Cheia stocata : young_JJ
DEBUG : Cheia stocata : your_PRP$
DEBUG : Cheia stocata : ._.
DEBUG : Cheia stocata : _
DEBUG : Cheia stocata : :_:
DEBUG : Cheia stocata : ;_;
DEBUG : Cheia stocata : ?_?
DEBUG : Cheia stocata : !_.
Dictionarul s a initializazt cu succes
Încărcare Tokenizer pentru limba: en
Încărcare POS Tagger pentru limba: en
Încărcare Lemmatizer Dictionary pentru limba: en
2025-12-09T20:37:18.466+02:00  INFO 4203 --- [-Language-Translator-Web-App-Java-NLP-Library-] [           main] o.s.b.a.w.s.WelcomePageHandlerMapping    : Adding welcome page: class path resource [static/index.html]
2025-12-09T20:37:18.509+02:00  INFO 4203 --- [-Language-Translator-Web-App-Java-NLP-Library-] [           main] c.t._.service.TranslationServiceTest     : Started TranslationServiceTest in 0.725 seconds (process running for 3.392)
Executa logica de traducere complexa (nu din cache)
DEBUG: Token = Do, Tag POS = VBP, Lemma = do
DEBUG: Token = I, Tag POS = PRP, Lemma = O
DEBUG: Token = know, Tag POS = VB, Lemma = know
DEBUG: Token = Java, Tag POS = NNP, Lemma = O
DEBUG: Token = ?, Tag POS = ., Lemma = O
]]></system-out>
  </testcase>
  <testcase name="performTranslation_ShouldHandleUnknownWords" classname="com.translatorapp._Language_Translator_Web_App_Java_NLP_Library_.service.TranslationServiceTest" time="0.001">
    <system-out><![CDATA[Executa logica de traducere complexa (nu din cache)
DEBUG: Token = I, Tag POS = PRP, Lemma = O
DEBUG: Token = read, Tag POS = VBD, Lemma = read
DEBUG: Token = a, Tag POS = DT, Lemma = a
DEBUG: Token = book, Tag POS = NN, Lemma = book
DEBUG: Token = ., Tag POS = ., Lemma = O
]]></system-out>
  </testcase>
  <testcase name="performTranslation_ShouldReturnCorrectTranslation" classname="com.translatorapp._Language_Translator_Web_App_Java_NLP_Library_.service.TranslationServiceTest" time="0.002">
    <system-out><![CDATA[Executa logica de traducere complexa (nu din cache)
DEBUG: Token = Hello, Tag POS = UH, Lemma = O
DEBUG: Token = world, Tag POS = NN, Lemma = O
DEBUG: Token = !, Tag POS = ., Lemma = O
]]></system-out>
  </testcase>
  <testcase name="contextLoads" classname="com.translatorapp._Language_Translator_Web_App_Java_NLP_Library_.service.TranslationServiceTest" time="0.001"/>
</testsuite>